<?xml version="1.0" encoding="UTF-8"?>
<!-- Generated by org.testng.reporters.JUnitXMLReporter -->
<testsuite ignored="0" hostname="DESKTOP-2011PF2" failures="0" tests="2" name="Default test" time="13.06" errors="0" timestamp="2025-02-15T15:11:30 IST">
  <testcase classname="com.comcast.crm.vendors.VendorTestSuite" name="createProductWIthVendor" time="4.096"/>
  <testcase classname="com.comcast.crm.vendors.VendorTestSuite" name="createVendorTest" time="2.916"/>
</testsuite> <!-- Default test -->
