<?xml version="1.0" encoding="UTF-8"?>
<!-- Generated by org.testng.reporters.JUnitXMLReporter -->
<testsuite ignored="14" hostname="DESKTOP-2011PF2" failures="0" tests="4" name="Test" time="39.693" errors="0" timestamp="2025-02-02T22:03:32 IST">
  <testcase classname="com.comcast.crm.leadtest.LeadTestSuite" name="createLeadTest" time="5.486"/>
  <testcase classname="com.comcast.crm.vendors.VendorTestSuite" name="createProductWIthVendor" time="4.591"/>
  <testcase classname="com.comcast.crm.orgtest.OrgTestSuite" name="createOrgTest" time="3.736"/>
  <testcase classname="com.comcast.crm.contacttest.ContactsTestSuite" name="ContactwithOrg" time="9.287"/>
  <testcase classname="com.comcast.crm.basetest.BaseClass" name="@BeforeSuite configBS" time="0.0">
    <ignored/>
  </testcase> <!-- @BeforeSuite configBS -->
  <testcase classname="com.comcast.crm.basetest.BaseClass" name="@BeforeSuite configBS" time="0.0">
    <ignored/>
  </testcase> <!-- @BeforeSuite configBS -->
  <testcase classname="com.comcast.crm.basetest.BaseClass" name="@BeforeSuite configBS" time="0.0">
    <ignored/>
  </testcase> <!-- @BeforeSuite configBS -->
  <testcase classname="com.comcast.crm.orgtest.OrgTestSuite" name="createDeleteOrgTest" time="0.0">
    <ignored/>
  </testcase> <!-- createDeleteOrgTest -->
  <testcase classname="com.comcast.crm.contacttest.ContactsTestSuite" name="contactWithValidationTest" time="0.0">
    <ignored/>
  </testcase> <!-- contactWithValidationTest -->
  <testcase classname="com.comcast.crm.basetest.BaseClass" name="@AfterSuite afterSuite" time="0.0">
    <ignored/>
  </testcase> <!-- @AfterSuite afterSuite -->
  <testcase classname="com.comcast.crm.basetest.BaseClass" name="@AfterSuite afterSuite" time="0.0">
    <ignored/>
  </testcase> <!-- @AfterSuite afterSuite -->
  <testcase classname="com.comcast.crm.basetest.BaseClass" name="@AfterSuite afterSuite" time="0.0">
    <ignored/>
  </testcase> <!-- @AfterSuite afterSuite -->
  <testcase classname="com.comcast.crm.leadtest.LeadTestSuite" name="leadWithPhoneTest" time="0.0">
    <ignored/>
  </testcase> <!-- leadWithPhoneTest -->
  <testcase classname="com.comcast.crm.leadtest.LeadTestSuite" name="LeadWithSourceAndIndustryTest" time="0.0">
    <ignored/>
  </testcase> <!-- LeadWithSourceAndIndustryTest -->
  <testcase classname="com.comcast.crm.contacttest.ContactsTestSuite" name="createContactTest" time="0.0">
    <ignored/>
  </testcase> <!-- createContactTest -->
  <testcase classname="com.comcast.crm.vendors.VendorTestSuite" name="createVendorTest" time="0.0">
    <ignored/>
  </testcase> <!-- createVendorTest -->
  <testcase classname="com.comcast.crm.orgtest.OrgTestSuite" name="OrgWithIndustryAndTypeTest" time="0.0">
    <ignored/>
  </testcase> <!-- OrgWithIndustryAndTypeTest -->
  <testcase classname="com.comcast.crm.orgtest.OrgTestSuite" name="orgWithPhoneTest" time="0.0">
    <ignored/>
  </testcase> <!-- orgWithPhoneTest -->
</testsuite> <!-- Test -->
