<?xml version="1.0" encoding="UTF-8"?>
<!-- Generated by org.testng.reporters.JUnitXMLReporter -->
<testsuite ignored="10" hostname="DESKTOP-2011PF2" failures="0" tests="8" name="RegressionTests" time="174.343" errors="0" timestamp="2025-02-02T22:09:34 IST">
  <testcase classname="com.comcast.crm.leadtest.LeadTestSuite" name="LeadWithSourceAndIndustryTest" time="6.585"/>
  <testcase classname="com.comcast.crm.leadtest.LeadTestSuite" name="leadWithPhoneTest" time="4.743"/>
  <testcase classname="com.comcast.crm.vendors.VendorTestSuite" name="createVendorTest" time="11.597"/>
  <testcase classname="com.comcast.crm.orgtest.OrgTestSuite" name="OrgWithIndustryAndTypeTest" time="8.214"/>
  <testcase classname="com.comcast.crm.orgtest.OrgTestSuite" name="createDeleteOrgTest" time="7.854"/>
  <testcase classname="com.comcast.crm.orgtest.OrgTestSuite" name="orgWithPhoneTest" time="20.964"/>
  <testcase classname="com.comcast.crm.contacttest.ContactsTestSuite" name="contactWithValidationTest" time="18.396"/>
  <testcase classname="com.comcast.crm.contacttest.ContactsTestSuite" name="createContactTest" time="21.177"/>
  <testcase classname="com.comcast.crm.basetest.BaseClass" name="@BeforeSuite configBS" time="0.0">
    <ignored/>
  </testcase> <!-- @BeforeSuite configBS -->
  <testcase classname="com.comcast.crm.basetest.BaseClass" name="@BeforeSuite configBS" time="0.0">
    <ignored/>
  </testcase> <!-- @BeforeSuite configBS -->
  <testcase classname="com.comcast.crm.basetest.BaseClass" name="@BeforeSuite configBS" time="0.0">
    <ignored/>
  </testcase> <!-- @BeforeSuite configBS -->
  <testcase classname="com.comcast.crm.basetest.BaseClass" name="@AfterSuite afterSuite" time="0.0">
    <ignored/>
  </testcase> <!-- @AfterSuite afterSuite -->
  <testcase classname="com.comcast.crm.basetest.BaseClass" name="@AfterSuite afterSuite" time="0.0">
    <ignored/>
  </testcase> <!-- @AfterSuite afterSuite -->
  <testcase classname="com.comcast.crm.basetest.BaseClass" name="@AfterSuite afterSuite" time="0.0">
    <ignored/>
  </testcase> <!-- @AfterSuite afterSuite -->
  <testcase classname="com.comcast.crm.leadtest.LeadTestSuite" name="createLeadTest" time="0.0">
    <ignored/>
  </testcase> <!-- createLeadTest -->
  <testcase classname="com.comcast.crm.vendors.VendorTestSuite" name="createProductWIthVendor" time="0.0">
    <ignored/>
  </testcase> <!-- createProductWIthVendor -->
  <testcase classname="com.comcast.crm.orgtest.OrgTestSuite" name="createOrgTest" time="0.0">
    <ignored/>
  </testcase> <!-- createOrgTest -->
  <testcase classname="com.comcast.crm.contacttest.ContactsTestSuite" name="ContactwithOrg" time="0.0">
    <ignored/>
  </testcase> <!-- ContactwithOrg -->
</testsuite> <!-- RegressionTests -->
