<?xml version="1.0" encoding="UTF-8"?>
<!-- Generated by org.testng.reporters.JUnitXMLReporter -->
<testsuite ignored="4" hostname="DESKTOP-2011PF2" failures="0" tests="3" name="Test" time="15.982" errors="0" timestamp="2025-01-27T18:16:00 IST">
  <testcase classname="com.comcast.crm.basetest.BaseClass" name="@BeforeClass openBrowser" time="1.505">
    <failure type="java.lang.NullPointerException" message="Cannot invoke &amp;quot;com.aventstack.extentreports.ExtentTest.log(com.aventstack.extentreports.Status, String)&amp;quot; because the return value of &amp;quot;com.comcast.crm.generic.webdriverutility.UtilityClassObject.getTest()&amp;quot; is null">
      <![CDATA[java.lang.NullPointerException: Cannot invoke "com.aventstack.extentreports.ExtentTest.log(com.aventstack.extentreports.Status, String)" because the return value of "com.comcast.crm.generic.webdriverutility.UtilityClassObject.getTest()" is null
at com.comcast.crm.basetest.BaseClass.openBrowser(BaseClass.java:58)
at java.base/java.util.ArrayList.forEach(ArrayList.java:1597)
... Removed 23 stack frames]]>
    </failure>
  </testcase> <!-- @BeforeClass openBrowser -->
  <testcase classname="com.comcast.crm.basetest.BaseClass" name="@BeforeMethod login" time="-1.737981945683E9">
    <skipped/>
  </testcase> <!-- @BeforeMethod login -->
  <testcase classname="com.comcast.crm.basetest.BaseClass" name="@AfterMethod logout" time="-1.737981945702E9">
    <skipped/>
  </testcase> <!-- @AfterMethod logout -->
  <testcase classname="com.comcast.crm.basetest.BaseClass" name="@AfterClass closeBrowser" time="-1.737981945706E9">
    <skipped/>
  </testcase> <!-- @AfterClass closeBrowser -->
  <testcase classname="com.comcast.crm.orgtest.TC_02" name="OrgWithIndustryAndType" time="0.0">
    <skipped/>
  </testcase> <!-- OrgWithIndustryAndType -->
  <testcase classname="com.comcast.crm.orgtest.TC_01" name="createOrgTest" time="3.552"/>
  <testcase classname="com.comcast.crm.orgtest.TC_03" name="orgWithPhone" time="3.742"/>
  <testcase classname="com.comcast.crm.basetest.BaseClass" name="@BeforeSuite configBS" time="0.0">
    <ignored/>
  </testcase> <!-- @BeforeSuite configBS -->
  <testcase classname="com.comcast.crm.basetest.BaseClass" name="@BeforeSuite configBS" time="0.0">
    <ignored/>
  </testcase> <!-- @BeforeSuite configBS -->
  <testcase classname="com.comcast.crm.basetest.BaseClass" name="@AfterSuite afterSuite" time="0.0">
    <ignored/>
  </testcase> <!-- @AfterSuite afterSuite -->
  <testcase classname="com.comcast.crm.basetest.BaseClass" name="@AfterSuite afterSuite" time="0.0">
    <ignored/>
  </testcase> <!-- @AfterSuite afterSuite -->
</testsuite> <!-- Test -->
