<?xml version="1.0" encoding="UTF-8"?>
<!-- Generated by org.testng.reporters.JUnitXMLReporter -->
<testsuite ignored="6" hostname="DESKTOP-2011PF2" failures="0" tests="12" name="Test1" time="94.74" errors="0" timestamp="2025-02-15T15:03:43 IST">
  <testcase classname="com.comcast.crm.leadtest.LeadTestSuite" name="LeadWithSourceAndIndustryTest" time="4.679"/>
  <testcase classname="com.comcast.crm.leadtest.LeadTestSuite" name="createLeadTest" time="3.29"/>
  <testcase classname="com.comcast.crm.leadtest.LeadTestSuite" name="leadWithPhoneTest" time="3.499"/>
  <testcase classname="com.comcast.crm.vendors.VendorTestSuite" name="createProductWIthVendor" time="4.616"/>
  <testcase classname="com.comcast.crm.vendors.VendorTestSuite" name="createVendorTest" time="2.87"/>
  <testcase classname="com.comcast.crm.orgtest.OrgTestSuite" name="OrgWithIndustryAndTypeTest" time="3.744"/>
  <testcase classname="com.comcast.crm.orgtest.OrgTestSuite" name="createDeleteOrgTest" time="5.631"/>
  <testcase classname="com.comcast.crm.orgtest.OrgTestSuite" name="createOrgTest" time="3.246"/>
  <testcase classname="com.comcast.crm.orgtest.OrgTestSuite" name="orgWithPhoneTest" time="3.435"/>
  <testcase classname="com.comcast.crm.contacttest.ContactsTestSuite" name="ContactwithOrg" time="9.702"/>
  <testcase classname="com.comcast.crm.contacttest.ContactsTestSuite" name="contactWithValidationTest" time="4.255"/>
  <testcase classname="com.comcast.crm.contacttest.ContactsTestSuite" name="createContactTest" time="3.261"/>
  <testcase classname="com.comcast.crm.basetest.BaseClass" name="@BeforeSuite configBS" time="0.0">
    <ignored/>
  </testcase> <!-- @BeforeSuite configBS -->
  <testcase classname="com.comcast.crm.basetest.BaseClass" name="@BeforeSuite configBS" time="0.0">
    <ignored/>
  </testcase> <!-- @BeforeSuite configBS -->
  <testcase classname="com.comcast.crm.basetest.BaseClass" name="@BeforeSuite configBS" time="0.0">
    <ignored/>
  </testcase> <!-- @BeforeSuite configBS -->
  <testcase classname="com.comcast.crm.basetest.BaseClass" name="@AfterSuite afterSuite" time="0.0">
    <ignored/>
  </testcase> <!-- @AfterSuite afterSuite -->
  <testcase classname="com.comcast.crm.basetest.BaseClass" name="@AfterSuite afterSuite" time="0.0">
    <ignored/>
  </testcase> <!-- @AfterSuite afterSuite -->
  <testcase classname="com.comcast.crm.basetest.BaseClass" name="@AfterSuite afterSuite" time="0.0">
    <ignored/>
  </testcase> <!-- @AfterSuite afterSuite -->
</testsuite> <!-- Test1 -->
