<?xml version="1.0" encoding="UTF-8"?>
<!-- Generated by org.testng.reporters.JUnitXMLReporter -->
<testsuite ignored="0" hostname="DESKTOP-2011PF2" failures="0" tests="3" name="Test1" time="44.517" errors="0" timestamp="2025-03-03T17:46:32 IST">
  <testcase classname="com.comcast.crm.leadtest.LeadTestSuite" name="LeadWithSourceAndIndustryTest" time="6.755"/>
  <testcase classname="com.comcast.crm.leadtest.LeadTestSuite" name="createLeadTest" time="5.346"/>
  <testcase classname="com.comcast.crm.leadtest.LeadTestSuite" name="leadWithPhoneTest" time="6.484"/>
</testsuite> <!-- Test1 -->
