<?xml version="1.0" encoding="UTF-8"?>
<!-- Generated by org.testng.reporters.JUnitXMLReporter -->
<testsuite ignored="0" hostname="DESKTOP-2011PF2" failures="0" tests="3" name="Test4" time="57.539" errors="0" timestamp="2025-03-03T17:46:45 IST">
  <testcase classname="com.comcast.crm.contacttest.ContactsTestSuite" name="ContactwithOrg" time="25.188"/>
  <testcase classname="com.comcast.crm.contacttest.ContactsTestSuite" name="contactWithValidationTest" time="6.505"/>
  <testcase classname="com.comcast.crm.contacttest.ContactsTestSuite" name="createContactTest" time="3.411"/>
</testsuite> <!-- Test4 -->
