<?xml version="1.0" encoding="UTF-8"?>
<!-- Generated by org.testng.reporters.JUnitXMLReporter -->
<testsuite ignored="0" hostname="DESKTOP-2011PF2" failures="0" tests="3" name="Test1" time="82.655" errors="0" timestamp="2025-02-02T22:18:33 IST">
  <testcase classname="com.comcast.crm.leadtest.LeadTestSuite" name="LeadWithSourceAndIndustryTest" time="16.45"/>
  <testcase classname="com.comcast.crm.leadtest.LeadTestSuite" name="createLeadTest" time="3.805"/>
  <testcase classname="com.comcast.crm.leadtest.LeadTestSuite" name="leadWithPhoneTest" time="7.269"/>
</testsuite> <!-- Test1 -->
