<?xml version="1.0" encoding="UTF-8"?>
<testng-results ignored="0" total="1" passed="1" failed="0" skipped="0">
  <reporter-output>
  </reporter-output>
  <suite started-at="2025-02-02T19:18:05 IST" name="Default suite" finished-at="2025-02-02T19:18:15 IST" duration-ms="9939">
    <groups>
    </groups>
    <test started-at="2025-02-02T19:18:05 IST" name="Default test" finished-at="2025-02-02T19:18:15 IST" duration-ms="9939">
      <class name="com.comcast.crm.vendors.CreateProductWIthVendor">
        <test-method is-config="true" signature="configBS()[pri:0, instance:com.comcast.crm.vendors.CreateProductWIthVendor@74235045]" started-at="2025-02-02T19:18:05 IST" name="configBS" finished-at="2025-02-02T19:18:05 IST" duration-ms="8" status="PASS">
          <reporter-output>
          </reporter-output>
        </test-method> <!-- configBS -->
        <test-method is-config="true" signature="openBrowser(java.lang.String)[pri:0, instance:com.comcast.crm.vendors.CreateProductWIthVendor@74235045]" started-at="2025-02-02T19:18:05 IST" name="openBrowser" finished-at="2025-02-02T19:18:06 IST" duration-ms="1669" status="PASS">
          <params>
            <param index="0">
              <value>
                <![CDATA[chrome]]>
              </value>
            </param>
          </params>
          <reporter-output>
          </reporter-output>
        </test-method> <!-- openBrowser -->
        <test-method is-config="true" signature="login()[pri:0, instance:com.comcast.crm.vendors.CreateProductWIthVendor@74235045]" started-at="2025-02-02T19:18:06 IST" name="login" finished-at="2025-02-02T19:18:09 IST" duration-ms="2327" status="PASS">
          <reporter-output>
          </reporter-output>
        </test-method> <!-- login -->
        <test-method signature="createProductWIthVendor()[pri:0, instance:com.comcast.crm.vendors.CreateProductWIthVendor@74235045]" started-at="2025-02-02T19:18:09 IST" name="createProductWIthVendor" finished-at="2025-02-02T19:18:14 IST" duration-ms="4914" status="PASS">
          <reporter-output>
          </reporter-output>
        </test-method> <!-- createProductWIthVendor -->
        <test-method is-config="true" signature="logout()[pri:0, instance:com.comcast.crm.vendors.CreateProductWIthVendor@74235045]" started-at="2025-02-02T19:18:14 IST" name="logout" finished-at="2025-02-02T19:18:14 IST" duration-ms="789" status="PASS">
          <reporter-output>
          </reporter-output>
        </test-method> <!-- logout -->
        <test-method is-config="true" signature="closeBrowser()[pri:0, instance:com.comcast.crm.vendors.CreateProductWIthVendor@74235045]" started-at="2025-02-02T19:18:14 IST" name="closeBrowser" finished-at="2025-02-02T19:18:15 IST" duration-ms="205" status="PASS">
          <reporter-output>
          </reporter-output>
        </test-method> <!-- closeBrowser -->
        <test-method is-config="true" signature="afterSuite()[pri:0, instance:com.comcast.crm.vendors.CreateProductWIthVendor@74235045]" started-at="2025-02-02T19:18:15 IST" name="afterSuite" finished-at="2025-02-02T19:18:15 IST" duration-ms="1" status="PASS">
          <reporter-output>
          </reporter-output>
        </test-method> <!-- afterSuite -->
      </class> <!-- com.comcast.crm.vendors.CreateProductWIthVendor -->
    </test> <!-- Default test -->
  </suite> <!-- Default suite -->
</testng-results>
