<?xml version="1.0" encoding="UTF-8"?>
<!-- Generated by org.testng.reporters.JUnitXMLReporter -->
<testsuite ignored="18" hostname="DESKTOP-2011PF2" failures="0" tests="0" time="0.011" errors="0" timestamp="2025-02-02T21:54:37 IST">
  <testcase classname="com.comcast.crm.basetest.BaseClass" name="@BeforeSuite configBS" time="0.0">
    <ignored/>
  </testcase> <!-- @BeforeSuite configBS -->
  <testcase classname="com.comcast.crm.basetest.BaseClass" name="@BeforeSuite configBS" time="0.0">
    <ignored/>
  </testcase> <!-- @BeforeSuite configBS -->
  <testcase classname="com.comcast.crm.basetest.BaseClass" name="@BeforeSuite configBS" time="0.0">
    <ignored/>
  </testcase> <!-- @BeforeSuite configBS -->
  <testcase classname="com.comcast.crm.orgtest.OrgTestSuite" name="createDeleteOrgTest" time="0.0">
    <ignored/>
  </testcase> <!-- createDeleteOrgTest -->
  <testcase classname="com.comcast.crm.contacttest.ContactsTestSuite" name="contactWithValidationTest" time="0.0">
    <ignored/>
  </testcase> <!-- contactWithValidationTest -->
  <testcase classname="com.comcast.crm.basetest.BaseClass" name="@AfterSuite afterSuite" time="0.0">
    <ignored/>
  </testcase> <!-- @AfterSuite afterSuite -->
  <testcase classname="com.comcast.crm.basetest.BaseClass" name="@AfterSuite afterSuite" time="0.0">
    <ignored/>
  </testcase> <!-- @AfterSuite afterSuite -->
  <testcase classname="com.comcast.crm.basetest.BaseClass" name="@AfterSuite afterSuite" time="0.0">
    <ignored/>
  </testcase> <!-- @AfterSuite afterSuite -->
  <testcase classname="com.comcast.crm.vendors.VendorTestSuite" name="createProductWIthVendor" time="0.0">
    <ignored/>
  </testcase> <!-- createProductWIthVendor -->
  <testcase classname="com.comcast.crm.orgtest.OrgTestSuite" name="createOrgTest" time="0.0">
    <ignored/>
  </testcase> <!-- createOrgTest -->
  <testcase classname="com.comcast.crm.leadtest.LeadTestSuite" name="leadWithPhoneTest" time="0.0">
    <ignored/>
  </testcase> <!-- leadWithPhoneTest -->
  <testcase classname="com.comcast.crm.leadtest.LeadTestSuite" name="LeadWithSourceAndIndustryTest" time="0.0">
    <ignored/>
  </testcase> <!-- LeadWithSourceAndIndustryTest -->
  <testcase classname="com.comcast.crm.contacttest.ContactsTestSuite" name="createContactTest" time="0.0">
    <ignored/>
  </testcase> <!-- createContactTest -->
  <testcase classname="com.comcast.crm.leadtest.LeadTestSuite" name="createLeadTest" time="0.0">
    <ignored/>
  </testcase> <!-- createLeadTest -->
  <testcase classname="com.comcast.crm.vendors.VendorTestSuite" name="createVendorTest" time="0.0">
    <ignored/>
  </testcase> <!-- createVendorTest -->
  <testcase classname="com.comcast.crm.orgtest.OrgTestSuite" name="OrgWithIndustryAndTypeTest" time="0.0">
    <ignored/>
  </testcase> <!-- OrgWithIndustryAndTypeTest -->
  <testcase classname="com.comcast.crm.orgtest.OrgTestSuite" name="orgWithPhoneTest" time="0.0">
    <ignored/>
  </testcase> <!-- orgWithPhoneTest -->
  <testcase classname="com.comcast.crm.contacttest.ContactsTestSuite" name="ContactwithOrg" time="0.0">
    <ignored/>
  </testcase> <!-- ContactwithOrg -->
</testsuite>
